Sue:11235813
Martin:because
Patricia:zzzxxx
Randy:chewie
Jonathan:p14t0
Mary:sexe
Alice:hamster2
Lee:xirt2k
Molly:sara
Ramon:tina
Dave:slamdunk1
Mick:fuzzy13
Chris:susan9
Amelia:5h0t
Henry:prophet$
Abby:destiny11
Alex:idiot
Midge:postov1000
Charlie:nutm3g
Robby:2005
Michael:533k3r
Eve:here
Denny:rugby
Freddy:wildone
Jacob:jacket4
Nancy:zu1u
Adrian:hulk
Lyle:333331
Taylor:marma
Bart:y34hb4by
Noah:godfathe
Evelyn:asswipe2
Walt:diamonds
Joseph:bu5in355b4b3
Gary:stooge?
Dorothy:sandberg
Paul:buford
Dennis:kh4n
Kate:mother1
Total:55 - Cracked:39 - Percent:70.9
