Lonnie:696969
Robert:toshiba
Martin:vict0ri4
Mason:temp
Nick:h0p31355
Rich:gamble
Anna:babies
Benjamin:imback1
Mike:151515
Susie:383pdjvl
Molly:furb411
Hiro:z1zfrh
Elly:dudedude%
Olivia:simpson
Chris:florence
Christopher:leinad
Denny:yyyyy
Patty:h00ti3
Dade:3ggh34d
James:numb3r
Robby:hopkins%
Michael:gambler?
Eve:cats
Tommy:tracey$
Lyle:bottle
Jimmy:dirtbik3
Nancy:keller
Adrian:hello*
David:juliet
Barbara:hubert
Joey:yosemite
Thomas:bitter2
Taylor:shogun4
Chloe:penny1
Emmanuel:chachi
Olly:listen
Finn:6868687
Dorothy:rubble5
Paul:president
Linus:54m5ung
Carl::hvxL
Zach::sWWL
Total:55 - Cracked:42 - Percent:76.4
