Liam:elvisp
Gary:news#
Lonnie:j3rich0
Rich:diver
Stephen:italiano
John:boricua?
Anna:c0m3in
Theo:5phinx
Steve:whiskers2
Susie:jockey
Susan:ch35t3r1
Margaret:darkone
Olivia:swiss5
Christopher:crosby
Amelia:scarface
Maria:7979799
Homer:leng
Luther:barley1
Isabella:hhhh
Midge:chrome*
James:georgie1
Finn:rambo
Chuck:565656
Alice:41i50n
Freddy:reckless7
Martin:321321
Bob:strong
Walt:d00d135
Sophia:idiot
Joey:xxx123
Charlotte:mario66
Jimmy:seaman
Chloe:almighty
Evelyn:storage
Charles:ru5h
Olly:harbor
Barb:g0tch4
Robby:secure
Dennis:dddddd
Total:55 - Cracked:39 - Percent:70.9
